2024-08-07 15:56:26,046 INFO o.a.j.u.JMeterUtils: Setting Locale to en_IN
2024-08-07 15:56:26,102 INFO o.a.j.JMeter: Loading user properties from: user.properties
2024-08-07 15:56:26,108 INFO o.a.j.JMeter: Loading system properties from: system.properties
2024-08-07 15:56:26,118 INFO o.a.j.JMeter: Copyright (c) 1998-2022 The Apache Software Foundation
2024-08-07 15:56:26,118 INFO o.a.j.JMeter: Version 5.5
2024-08-07 15:56:26,118 INFO o.a.j.JMeter: java.version=18.0.2
2024-08-07 15:56:26,118 INFO o.a.j.JMeter: java.vm.name=Java HotSpot(TM) 64-Bit Server VM
2024-08-07 15:56:26,118 INFO o.a.j.JMeter: os.name=Windows 11
2024-08-07 15:56:26,118 INFO o.a.j.JMeter: os.arch=amd64
2024-08-07 15:56:26,118 INFO o.a.j.JMeter: os.version=10.0
2024-08-07 15:56:26,118 INFO o.a.j.JMeter: file.encoding=UTF-8
2024-08-07 15:56:26,118 INFO o.a.j.JMeter: java.awt.headless=null
2024-08-07 15:56:26,118 INFO o.a.j.JMeter: Max memory     =3980394496
2024-08-07 15:56:26,119 INFO o.a.j.JMeter: Available Processors =16
2024-08-07 15:56:26,129 INFO o.a.j.JMeter: Default Locale=English (India)
2024-08-07 15:56:26,130 INFO o.a.j.JMeter: JMeter  Locale=English (India)
2024-08-07 15:56:26,130 INFO o.a.j.JMeter: JMeterHome=C:\Users\Rohan.Ghadi\OneDrive - Reliance Corporate IT Park Limited\Documents\AZure\apache-jmeter-5.5\apache-jmeter-5.5
2024-08-07 15:56:26,130 INFO o.a.j.JMeter: user.dir  =C:\Users\Rohan.Ghadi\OneDrive - Reliance Corporate IT Park Limited\Documents\AZure\apache-jmeter-5.5\apache-jmeter-5.5\bin
2024-08-07 15:56:26,131 INFO o.a.j.JMeter: PWD       =C:\Users\Rohan.Ghadi\OneDrive - Reliance Corporate IT Park Limited\Documents\AZure\apache-jmeter-5.5\apache-jmeter-5.5\bin
2024-08-07 15:56:26,132 INFO o.a.j.JMeter: IP: 10.20.15.30 Name: LT0205087 FullName: LT0205087.in.ril.com
2024-08-07 15:56:26,150 INFO o.a.j.JMeter: Loaded icon properties from org/apache/jmeter/images/icon.properties
2024-08-07 15:56:26,426 INFO o.a.j.JMeterGuiLauncher: Setting LAF to: laf:javax.swing.plaf.nimbus.NimbusLookAndFeel
2024-08-07 15:56:33,472 WARN o.a.j.g.MainFrame: Importing file, CCI-MSISDN.JMX, from DnD failed because file extension does not end with .jmx
2024-08-07 15:56:44,387 WARN o.a.j.g.MainFrame: Importing file, CCI-MSISDN.JMX, from DnD failed because file extension does not end with .jmx
2024-08-07 16:14:32,251 WARN o.a.j.g.MainFrame: Importing file, CCI-MSISDN.JMX, from DnD failed because file extension does not end with .jmx
2024-08-07 16:14:50,295 INFO o.a.j.s.FileServer: Default base='C:\Users\Rohan.Ghadi\OneDrive - Reliance Corporate IT Park Limited\Documents\AZure\apache-jmeter-5.5\apache-jmeter-5.5\bin'
2024-08-07 16:14:50,295 INFO o.a.j.g.a.Load: Loading file: C:\Users\Rohan.Ghadi\OneDrive - Reliance Corporate IT Park Limited\Documents\AZure\apache-jmeter-5.5\apache-jmeter-5.5\bin\CCI-MSISDN.JMX
2024-08-07 16:14:50,295 INFO o.a.j.s.FileServer: Set new base='C:\Users\Rohan.Ghadi\OneDrive - Reliance Corporate IT Park Limited\Documents\AZure\apache-jmeter-5.5\apache-jmeter-5.5\bin'
2024-08-07 16:14:50,485 INFO o.a.j.s.SaveService: Testplan (JMX) version: 2.2. Testlog (JTL) version: 2.2
2024-08-07 16:14:50,513 INFO o.a.j.s.SaveService: Using SaveService properties version 5.0
2024-08-07 16:14:50,516 INFO o.a.j.s.SaveService: Using SaveService properties file encoding UTF-8
2024-08-07 16:14:50,516 INFO o.a.j.s.SaveService: Loading file: C:\Users\Rohan.Ghadi\OneDrive - Reliance Corporate IT Park Limited\Documents\AZure\apache-jmeter-5.5\apache-jmeter-5.5\bin\CCI-MSISDN.JMX
2024-08-07 16:14:50,533 INFO o.a.j.p.h.s.HTTPSamplerBase: Parser for text/html is org.apache.jmeter.protocol.http.parser.LagartoBasedHtmlParser
2024-08-07 16:14:50,533 INFO o.a.j.p.h.s.HTTPSamplerBase: Parser for application/xhtml+xml is org.apache.jmeter.protocol.http.parser.LagartoBasedHtmlParser
2024-08-07 16:14:50,533 INFO o.a.j.p.h.s.HTTPSamplerBase: Parser for application/xml is org.apache.jmeter.protocol.http.parser.LagartoBasedHtmlParser
2024-08-07 16:14:50,533 INFO o.a.j.p.h.s.HTTPSamplerBase: Parser for text/xml is org.apache.jmeter.protocol.http.parser.LagartoBasedHtmlParser
2024-08-07 16:14:50,533 INFO o.a.j.p.h.s.HTTPSamplerBase: Parser for text/vnd.wap.wml is org.apache.jmeter.protocol.http.parser.RegexpHTMLParser
2024-08-07 16:14:50,533 INFO o.a.j.p.h.s.HTTPSamplerBase: Parser for text/css is org.apache.jmeter.protocol.http.parser.CssParser
2024-08-07 16:14:50,674 INFO o.a.j.s.SampleResult: Note: Sample TimeStamps are START times
2024-08-07 16:14:50,674 INFO o.a.j.s.SampleResult: sampleresult.default.encoding is set to ISO-8859-1
2024-08-07 16:14:50,674 INFO o.a.j.s.SampleResult: sampleresult.useNanoTime=true
2024-08-07 16:14:50,674 INFO o.a.j.s.SampleResult: sampleresult.nanoThreadSleep=5000
2024-08-07 16:14:50,810 INFO o.a.j.v.ViewResultsFullVisualizer: Add JavaFX to your Java installation if you want to use renderer: org.apache.jmeter.visualizers.RenderInBrowser
2024-08-07 16:14:50,908 INFO o.a.j.v.ViewResultsFullVisualizer: Add JavaFX to your Java installation if you want to use renderer: org.apache.jmeter.visualizers.RenderInBrowser
2024-08-07 16:14:50,953 INFO o.a.j.s.FileServer: Set new base='C:\Users\Rohan.Ghadi\OneDrive - Reliance Corporate IT Park Limited\Documents\AZure\apache-jmeter-5.5\apache-jmeter-5.5\bin'
